This is pdfTeX, Version 3.14159265-2.6-1.40.21 (TeX Live 2020/W32TeX) (preloaded format=pdflatex 2020.7.28)  31 JUL 2020 11:48
entering extended mode
 restricted \write18 enabled.
 %&-line parsing enabled.
**SAFE_gmacs_vs_sq.tex
(./SAFE_gmacs_vs_sq.tex
LaTeX2e <2020-02-02> patch level 5
L3 programming layer <2020-07-17> (c:/Users/Cody/AppData/Roaming/TinyTeX/texmf-
dist/tex/latex/base/article.cls
Document Class: article 2019/12/20 v1.4l Standard LaTeX document class
(c:/Users/Cody/AppData/Roaming/TinyTeX/texmf-dist/tex/latex/base/size10.clo
File: size10.clo 2019/12/20 v1.4l Standard LaTeX file (size option)
)
\c@part=\count168
\c@section=\count169
\c@subsection=\count170
\c@subsubsection=\count171
\c@paragraph=\count172
\c@subparagraph=\count173
\c@figure=\count174
\c@table=\count175
\abovecaptionskip=\skip47
\belowcaptionskip=\skip48
\bibindent=\dimen134
) (c:/Users/Cody/AppData/Roaming/TinyTeX/texmf-dist/tex/latex/lm/lmodern.sty
Package: lmodern 2009/10/30 v1.6 Latin Modern Fonts
LaTeX Font Info:    Overwriting symbol font `operators' in version `normal'
(Font)                  OT1/cmr/m/n --> OT1/lmr/m/n on input line 22.
LaTeX Font Info:    Overwriting symbol font `letters' in version `normal'
(Font)                  OML/cmm/m/it --> OML/lmm/m/it on input line 23.
LaTeX Font Info:    Overwriting symbol font `symbols' in version `normal'
(Font)                  OMS/cmsy/m/n --> OMS/lmsy/m/n on input line 24.
LaTeX Font Info:    Overwriting symbol font `largesymbols' in version `normal'
(Font)                  OMX/cmex/m/n --> OMX/lmex/m/n on input line 25.
LaTeX Font Info:    Overwriting symbol font `operators' in version `bold'
(Font)                  OT1/cmr/bx/n --> OT1/lmr/bx/n on input line 26.
LaTeX Font Info:    Overwriting symbol font `letters' in version `bold'
(Font)                  OML/cmm/b/it --> OML/lmm/b/it on input line 27.
LaTeX Font Info:    Overwriting symbol font `symbols' in version `bold'
(Font)                  OMS/cmsy/b/n --> OMS/lmsy/b/n on input line 28.
LaTeX Font Info:    Overwriting symbol font `largesymbols' in version `bold'
(Font)                  OMX/cmex/m/n --> OMX/lmex/m/n on input line 29.
LaTeX Font Info:    Overwriting math alphabet `\mathbf' in version `normal'
(Font)                  OT1/cmr/bx/n --> OT1/lmr/bx/n on input line 31.
LaTeX Font Info:    Overwriting math alphabet `\mathsf' in version `normal'
(Font)                  OT1/cmss/m/n --> OT1/lmss/m/n on input line 32.
LaTeX Font Info:    Overwriting math alphabet `\mathit' in version `normal'
(Font)                  OT1/cmr/m/it --> OT1/lmr/m/it on input line 33.
LaTeX Font Info:    Overwriting math alphabet `\mathtt' in version `normal'
(Font)                  OT1/cmtt/m/n --> OT1/lmtt/m/n on input line 34.
LaTeX Font Info:    Overwriting math alphabet `\mathbf' in version `bold'
(Font)                  OT1/cmr/bx/n --> OT1/lmr/bx/n on input line 35.
LaTeX Font Info:    Overwriting math alphabet `\mathsf' in version `bold'
(Font)                  OT1/cmss/bx/n --> OT1/lmss/bx/n on input line 36.
LaTeX Font Info:    Overwriting math alphabet `\mathit' in version `bold'
(Font)                  OT1/cmr/bx/it --> OT1/lmr/bx/it on input line 37.
LaTeX Font Info:    Overwriting math alphabet `\mathtt' in version `bold'
(Font)                  OT1/cmtt/m/n --> OT1/lmtt/m/n on input line 38.
)
(c:/Users/Cody/AppData/Roaming/TinyTeX/texmf-dist/tex/latex/amsfonts/amssymb.st
y
Package: amssymb 2013/01/14 v3.01 AMS font symbols

(c:/Users/Cody/AppData/Roaming/TinyTeX/texmf-dist/tex/latex/amsfonts/amsfonts.s
ty
Package: amsfonts 2013/01/14 v3.01 Basic AMSFonts support
\@emptytoks=\toks15
\symAMSa=\mathgroup4
\symAMSb=\mathgroup5
LaTeX Font Info:    Redeclaring math symbol \hbar on input line 98.
LaTeX Font Info:    Overwriting math alphabet `\mathfrak' in version `bold'
(Font)                  U/euf/m/n --> U/euf/b/n on input line 106.
))
(c:/Users/Cody/AppData/Roaming/TinyTeX/texmf-dist/tex/latex/amsmath/amsmath.sty
Package: amsmath 2020/01/20 v2.17e AMS math features
\@mathmargin=\skip49
For additional information on amsmath, use the `?' option.

(c:/Users/Cody/AppData/Roaming/TinyTeX/texmf-dist/tex/latex/amsmath/amstext.sty
Package: amstext 2000/06/29 v2.01 AMS text
(c:/Users/Cody/AppData/Roaming/TinyTeX/texmf-dist/tex/latex/amsmath/amsgen.sty
File: amsgen.sty 1999/11/30 v2.0 generic functions
\@emptytoks=\toks16
\ex@=\dimen135
)) (c:/Users/Cody/AppData/Roaming/TinyTeX/texmf-dist/tex/latex/amsmath/amsbsy.s
ty
Package: amsbsy 1999/11/29 v1.2d Bold Symbols
\pmbraise@=\dimen136
) (c:/Users/Cody/AppData/Roaming/TinyTeX/texmf-dist/tex/latex/amsmath/amsopn.st
y
Package: amsopn 2016/03/08 v2.02 operator names
)
\inf@bad=\count176
LaTeX Info: Redefining \frac on input line 227.
\uproot@=\count177
\leftroot@=\count178
LaTeX Info: Redefining \overline on input line 389.
\classnum@=\count179
\DOTSCASE@=\count180
LaTeX Info: Redefining \ldots on input line 486.
LaTeX Info: Redefining \dots on input line 489.
LaTeX Info: Redefining \cdots on input line 610.
\Mathstrutbox@=\box45
\strutbox@=\box46
\big@size=\dimen137
LaTeX Font Info:    Redeclaring font encoding OML on input line 733.
LaTeX Font Info:    Redeclaring font encoding OMS on input line 734.
\macc@depth=\count181
\c@MaxMatrixCols=\count182
\dotsspace@=\muskip16
\c@parentequation=\count183
\dspbrk@lvl=\count184
\tag@help=\toks17
\row@=\count185
\column@=\count186
\maxfields@=\count187
\andhelp@=\toks18
\eqnshift@=\dimen138
\alignsep@=\dimen139
\tagshift@=\dimen140
\tagwidth@=\dimen141
\totwidth@=\dimen142
\lineht@=\dimen143
\@envbody=\toks19
\multlinegap=\skip50
\multlinetaggap=\skip51
\mathdisplay@stack=\toks20
LaTeX Info: Redefining \[ on input line 2859.
LaTeX Info: Redefining \] on input line 2860.
)
(c:/Users/Cody/AppData/Roaming/TinyTeX/texmf-dist/tex/generic/iftex/ifxetex.sty
Package: ifxetex 2019/10/25 v0.7 ifxetex legacy package. Use iftex instead.
(c:/Users/Cody/AppData/Roaming/TinyTeX/texmf-dist/tex/generic/iftex/iftex.sty
Package: iftex 2020/03/06 v1.0d TeX engine tests
))
(c:/Users/Cody/AppData/Roaming/TinyTeX/texmf-dist/tex/generic/iftex/ifluatex.st
y
Package: ifluatex 2019/10/25 v1.5 ifluatex legacy package. Use iftex instead.
) (c:/Users/Cody/AppData/Roaming/TinyTeX/texmf-dist/tex/latex/base/fixltx2e.sty
Package: fixltx2e 2016/12/29 v2.1a fixes to LaTeX (obsolete)
Applying: [2015/01/01] Old fixltx2e package on input line 46.

Package fixltx2e Warning: fixltx2e is not required with releases after 2015
(fixltx2e)                All fixes are now in the LaTeX kernel.
(fixltx2e)                See the latexrelease package for details.

Already applied: [0000/00/00] Old fixltx2e package on input line 53.
) (c:/Users/Cody/AppData/Roaming/TinyTeX/texmf-dist/tex/latex/base/fontenc.sty
Package: fontenc 2020/02/11 v2.0o Standard LaTeX package
LaTeX Font Info:    Trying to load font information for T1+lmr on input line 11
2.
(c:/Users/Cody/AppData/Roaming/TinyTeX/texmf-dist/tex/latex/lm/t1lmr.fd
File: t1lmr.fd 2009/10/30 v1.6 Font defs for Latin Modern
)) (c:/Users/Cody/AppData/Roaming/TinyTeX/texmf-dist/tex/latex/base/inputenc.st
y
Package: inputenc 2018/08/11 v1.3c Input encoding file
\inpenc@prehook=\toks21
\inpenc@posthook=\toks22
)
(c:/Users/Cody/AppData/Roaming/TinyTeX/texmf-dist/tex/latex/hyperref/hyperref.s
ty
Package: hyperref 2020-05-15 v7.00e Hypertext links for LaTeX

(c:/Users/Cody/AppData/Roaming/TinyTeX/texmf-dist/tex/generic/ltxcmds/ltxcmds.s
ty
Package: ltxcmds 2019/12/15 v1.24 LaTeX kernel commands for general use (HO)
)
(c:/Users/Cody/AppData/Roaming/TinyTeX/texmf-dist/tex/generic/pdftexcmds/pdftex
cmds.sty
Package: pdftexcmds 2020-06-27 v0.33 Utility functions of pdfTeX for LuaTeX (HO
)

(c:/Users/Cody/AppData/Roaming/TinyTeX/texmf-dist/tex/generic/infwarerr/infware
rr.sty
Package: infwarerr 2019/12/03 v1.5 Providing info/warning/error messages (HO)
)
Package pdftexcmds Info: \pdf@primitive is available.
Package pdftexcmds Info: \pdf@ifprimitive is available.
Package pdftexcmds Info: \pdfdraftmode found.
)
(c:/Users/Cody/AppData/Roaming/TinyTeX/texmf-dist/tex/latex/graphics/keyval.sty
Package: keyval 2014/10/28 v1.15 key=value parser (DPC)
\KV@toks@=\toks23
)
(c:/Users/Cody/AppData/Roaming/TinyTeX/texmf-dist/tex/generic/kvsetkeys/kvsetke
ys.sty
Package: kvsetkeys 2019/12/15 v1.18 Key value parser (HO)
)
(c:/Users/Cody/AppData/Roaming/TinyTeX/texmf-dist/tex/generic/kvdefinekeys/kvde
finekeys.sty
Package: kvdefinekeys 2019-12-19 v1.6 Define keys (HO)
)
(c:/Users/Cody/AppData/Roaming/TinyTeX/texmf-dist/tex/generic/pdfescape/pdfesca
pe.sty
Package: pdfescape 2019/12/09 v1.15 Implements pdfTeX's escape features (HO)
)
(c:/Users/Cody/AppData/Roaming/TinyTeX/texmf-dist/tex/latex/hycolor/hycolor.sty
Package: hycolor 2020-01-27 v1.10 Color options for hyperref/bookmark (HO)
)
(c:/Users/Cody/AppData/Roaming/TinyTeX/texmf-dist/tex/latex/letltxmacro/letltxm
acro.sty
Package: letltxmacro 2019/12/03 v1.6 Let assignment for LaTeX macros (HO)
)
(c:/Users/Cody/AppData/Roaming/TinyTeX/texmf-dist/tex/latex/auxhook/auxhook.sty
Package: auxhook 2019-12-17 v1.6 Hooks for auxiliary files (HO)
)
(c:/Users/Cody/AppData/Roaming/TinyTeX/texmf-dist/tex/latex/kvoptions/kvoptions
.sty
Package: kvoptions 2019/11/29 v3.13 Key value format for package options (HO)
)
\@linkdim=\dimen144
\Hy@linkcounter=\count188
\Hy@pagecounter=\count189

(c:/Users/Cody/AppData/Roaming/TinyTeX/texmf-dist/tex/latex/hyperref/pd1enc.def
File: pd1enc.def 2020-05-15 v7.00e Hyperref: PDFDocEncoding definition (HO)
Now handling font encoding PD1 ...
... no UTF-8 mapping file for font encoding PD1
)
(c:/Users/Cody/AppData/Roaming/TinyTeX/texmf-dist/tex/generic/intcalc/intcalc.s
ty
Package: intcalc 2019/12/15 v1.3 Expandable calculations with integers (HO)
)
(c:/Users/Cody/AppData/Roaming/TinyTeX/texmf-dist/tex/generic/etexcmds/etexcmds
.sty
Package: etexcmds 2019/12/15 v1.7 Avoid name clashes with e-TeX commands (HO)
)
\Hy@SavedSpaceFactor=\count190
Package hyperref Info: Option `unicode' set `true' on input line 4338.
(c:/Users/Cody/AppData/Roaming/TinyTeX/texmf-dist/tex/latex/hyperref/puenc.def
File: puenc.def 2020-05-15 v7.00e Hyperref: PDF Unicode definition (HO)
Now handling font encoding PU ...
... no UTF-8 mapping file for font encoding PU
)
Package hyperref Info: Hyper figures OFF on input line 4464.
Package hyperref Info: Link nesting OFF on input line 4469.
Package hyperref Info: Hyper index ON on input line 4472.
Package hyperref Info: Plain pages OFF on input line 4479.
Package hyperref Info: Backreferencing OFF on input line 4484.
Package hyperref Info: Implicit mode ON; LaTeX internals redefined.
Package hyperref Info: Bookmarks ON on input line 4717.
\c@Hy@tempcnt=\count191
(c:/Users/Cody/AppData/Roaming/TinyTeX/texmf-dist/tex/latex/url/url.sty
\Urlmuskip=\muskip17
Package: url 2013/09/16  ver 3.4  Verb mode for urls, etc.
)
LaTeX Info: Redefining \url on input line 5076.
\XeTeXLinkMargin=\dimen145

(c:/Users/Cody/AppData/Roaming/TinyTeX/texmf-dist/tex/generic/bitset/bitset.sty
Package: bitset 2019/12/09 v1.3 Handle bit-vector datatype (HO)

(c:/Users/Cody/AppData/Roaming/TinyTeX/texmf-dist/tex/generic/bigintcalc/bigint
calc.sty
Package: bigintcalc 2019/12/15 v1.5 Expandable calculations on big integers (HO
)
))
\Fld@menulength=\count192
\Field@Width=\dimen146
\Fld@charsize=\dimen147
Package hyperref Info: Hyper figures OFF on input line 6347.
Package hyperref Info: Link nesting OFF on input line 6352.
Package hyperref Info: Hyper index ON on input line 6355.
Package hyperref Info: backreferencing OFF on input line 6362.
Package hyperref Info: Link coloring OFF on input line 6367.
Package hyperref Info: Link coloring with OCG OFF on input line 6372.
Package hyperref Info: PDF/A mode OFF on input line 6377.
LaTeX Info: Redefining \ref on input line 6417.
LaTeX Info: Redefining \pageref on input line 6421.

(c:/Users/Cody/AppData/Roaming/TinyTeX/texmf-dist/tex/generic/atbegshi/atbegshi
.sty
Package: atbegshi 2019/12/05 v1.19 At begin shipout hook (HO)
)
\Hy@abspage=\count193
\c@Item=\count194
\c@Hfootnote=\count195
)
Package hyperref Info: Driver (autodetected): hpdftex.

(c:/Users/Cody/AppData/Roaming/TinyTeX/texmf-dist/tex/latex/hyperref/hpdftex.de
f
File: hpdftex.def 2020-05-15 v7.00e Hyperref driver for pdfTeX

(c:/Users/Cody/AppData/Roaming/TinyTeX/texmf-dist/tex/latex/atveryend/atveryend
.sty
Package: atveryend 2019-12-11 v1.11 Hooks at the very end of document (HO)
Package atveryend Info: \enddocument detected (standard20110627).
)
\Fld@listcount=\count196
\c@bookmark@seq@number=\count197

(c:/Users/Cody/AppData/Roaming/TinyTeX/texmf-dist/tex/latex/rerunfilecheck/reru
nfilecheck.sty
Package: rerunfilecheck 2019/12/05 v1.9 Rerun checks for auxiliary files (HO)

(c:/Users/Cody/AppData/Roaming/TinyTeX/texmf-dist/tex/generic/uniquecounter/uni
quecounter.sty
Package: uniquecounter 2019/12/15 v1.4 Provide unlimited unique counter (HO)
)
Package uniquecounter Info: New unique counter `rerunfilecheck' on input line 2
86.
)
\Hy@SectionHShift=\skip52
)
Package hyperref Info: Option `breaklinks' set `true' on input line 30.

(c:/Users/Cody/AppData/Roaming/TinyTeX/texmf-dist/tex/latex/geometry/geometry.s
ty
Package: geometry 2020/01/02 v5.9 Page Geometry
(c:/Users/Cody/AppData/Roaming/TinyTeX/texmf-dist/tex/generic/iftex/ifvtex.sty
Package: ifvtex 2019/10/25 v1.7 ifvtex legacy package. Use iftex instead.
)
\Gm@cnth=\count198
\Gm@cntv=\count199
\c@Gm@tempcnt=\count266
\Gm@bindingoffset=\dimen148
\Gm@wd@mp=\dimen149
\Gm@odd@mp=\dimen150
\Gm@even@mp=\dimen151
\Gm@layoutwidth=\dimen152
\Gm@layoutheight=\dimen153
\Gm@layouthoffset=\dimen154
\Gm@layoutvoffset=\dimen155
\Gm@dimlist=\toks24
)
(c:/Users/Cody/AppData/Roaming/TinyTeX/texmf-dist/tex/latex/tools/longtable.sty
Package: longtable 2020/01/07 v4.13 Multi-page Table package (DPC)
\LTleft=\skip53
\LTright=\skip54
\LTpre=\skip55
\LTpost=\skip56
\LTchunksize=\count267
\LTcapwidth=\dimen156
\LT@head=\box47
\LT@firsthead=\box48
\LT@foot=\box49
\LT@lastfoot=\box50
\LT@cols=\count268
\LT@rows=\count269
\c@LT@tables=\count270
\c@LT@chunks=\count271
\LT@p@ftn=\toks25
)
(c:/Users/Cody/AppData/Roaming/TinyTeX/texmf-dist/tex/latex/booktabs/booktabs.s
ty
Package: booktabs 2020/01/12 v1.61803398 Publication quality tables
\heavyrulewidth=\dimen157
\lightrulewidth=\dimen158
\cmidrulewidth=\dimen159
\belowrulesep=\dimen160
\belowbottomsep=\dimen161
\aboverulesep=\dimen162
\abovetopsep=\dimen163
\cmidrulesep=\dimen164
\cmidrulekern=\dimen165
\defaultaddspace=\dimen166
\@cmidla=\count272
\@cmidlb=\count273
\@aboverulesep=\dimen167
\@belowrulesep=\dimen168
\@thisruleclass=\count274
\@lastruleclass=\count275
\@thisrulewidth=\dimen169
)
(c:/Users/Cody/AppData/Roaming/TinyTeX/texmf-dist/tex/latex/mdwtools/footnote.s
ty
Package: footnote 1997/01/28 1.13 Save footnotes around boxes
\fn@notes=\box51
\fn@width=\dimen170
)
(c:/Users/Cody/AppData/Roaming/TinyTeX/texmf-dist/tex/latex/graphics/graphicx.s
ty
Package: graphicx 2019/11/30 v1.2a Enhanced LaTeX Graphics (DPC,SPQR)

(c:/Users/Cody/AppData/Roaming/TinyTeX/texmf-dist/tex/latex/graphics/graphics.s
ty
Package: graphics 2019/11/30 v1.4a Standard LaTeX Graphics (DPC,SPQR)
(c:/Users/Cody/AppData/Roaming/TinyTeX/texmf-dist/tex/latex/graphics/trig.sty
Package: trig 2016/01/03 v1.10 sin cos tan (DPC)
)
(c:/Users/Cody/AppData/Roaming/TinyTeX/texmf-dist/tex/latex/graphics-cfg/graphi
cs.cfg
File: graphics.cfg 2016/06/04 v1.11 sample graphics configuration
)
Package graphics Info: Driver file: pdftex.def on input line 105.

(c:/Users/Cody/AppData/Roaming/TinyTeX/texmf-dist/tex/latex/graphics-def/pdftex
.def
File: pdftex.def 2018/01/08 v1.0l Graphics/color driver for pdftex
))
\Gin@req@height=\dimen171
\Gin@req@width=\dimen172
)
(c:/Users/Cody/AppData/Roaming/TinyTeX/texmf-dist/tex/latex/grffile/grffile.sty
Package: grffile 2019/11/11 v2.1 Extended file name support for graphics (legac
y)
Package grffile Info: This package is an empty stub for compatibility on input 
line 40.
)
(c:/Users/Cody/AppData/Roaming/TinyTeX/texmf-dist/tex/latex/l3backend/l3backend
-pdfmode.def
File: l3backend-pdfmode.def 2020-06-29 L3 backend support: PDF mode
\l__kernel_color_stack_int=\count276
\l__pdf_internal_box=\box52
) (./SAFE_gmacs_vs_sq.aux)
\openout1 = `SAFE_gmacs_vs_sq.aux'.

LaTeX Font Info:    Checking defaults for OML/cmm/m/it on input line 77.
LaTeX Font Info:    ... okay on input line 77.
LaTeX Font Info:    Checking defaults for OMS/cmsy/m/n on input line 77.
LaTeX Font Info:    ... okay on input line 77.
LaTeX Font Info:    Checking defaults for OT1/cmr/m/n on input line 77.
LaTeX Font Info:    ... okay on input line 77.
LaTeX Font Info:    Checking defaults for T1/cmr/m/n on input line 77.
LaTeX Font Info:    ... okay on input line 77.
LaTeX Font Info:    Checking defaults for TS1/cmr/m/n on input line 77.
LaTeX Font Info:    ... okay on input line 77.
LaTeX Font Info:    Checking defaults for OMX/cmex/m/n on input line 77.
LaTeX Font Info:    ... okay on input line 77.
LaTeX Font Info:    Checking defaults for U/cmr/m/n on input line 77.
LaTeX Font Info:    ... okay on input line 77.
LaTeX Font Info:    Checking defaults for PD1/pdf/m/n on input line 77.
LaTeX Font Info:    ... okay on input line 77.
LaTeX Font Info:    Checking defaults for PU/pdf/m/n on input line 77.
LaTeX Font Info:    ... okay on input line 77.
\AtBeginShipoutBox=\box53
Package hyperref Info: Link coloring OFF on input line 77.

(c:/Users/Cody/AppData/Roaming/TinyTeX/texmf-dist/tex/latex/hyperref/nameref.st
y
Package: nameref 2019/09/16 v2.46 Cross-referencing by name of section

(c:/Users/Cody/AppData/Roaming/TinyTeX/texmf-dist/tex/latex/refcount/refcount.s
ty
Package: refcount 2019/12/15 v3.6 Data extraction from label references (HO)
)
(c:/Users/Cody/AppData/Roaming/TinyTeX/texmf-dist/tex/generic/gettitlestring/ge
ttitlestring.sty
Package: gettitlestring 2019/12/15 v1.6 Cleanup title references (HO)
)
\c@section@level=\count277
)
LaTeX Info: Redefining \ref on input line 77.
LaTeX Info: Redefining \pageref on input line 77.
LaTeX Info: Redefining \nameref on input line 77.
(./SAFE_gmacs_vs_sq.out) (./SAFE_gmacs_vs_sq.out)
\@outlinefile=\write3
\openout3 = `SAFE_gmacs_vs_sq.out'.

*geometry* driver: auto-detecting
*geometry* detected driver: pdftex
*geometry* verbose mode - [ preamble ] result:
* driver: pdftex
* paper: <default>
* layout: <same size as paper>
* layoutoffset:(h,v)=(0.0pt,0.0pt)
* modes: 
* h-part:(L,W,R)=(72.26999pt, 469.75502pt, 72.26999pt)
* v-part:(T,H,B)=(72.26999pt, 650.43001pt, 72.26999pt)
* \paperwidth=614.295pt
* \paperheight=794.96999pt
* \textwidth=469.75502pt
* \textheight=650.43001pt
* \oddsidemargin=0.0pt
* \evensidemargin=0.0pt
* \topmargin=-37.0pt
* \headheight=12.0pt
* \headsep=25.0pt
* \topskip=10.0pt
* \footskip=30.0pt
* \marginparwidth=65.0pt
* \marginparsep=11.0pt
* \columnsep=10.0pt
* \skip\footins=9.0pt plus 4.0pt minus 2.0pt
* \hoffset=0.0pt
* \voffset=0.0pt
* \mag=1000
* \@twocolumnfalse
* \@twosidefalse
* \@mparswitchfalse
* \@reversemarginfalse
* (1in=72.27pt=25.4mm, 1cm=28.453pt)


(c:/Users/Cody/AppData/Roaming/TinyTeX/texmf-dist/tex/latex/epstopdf-pkg/epstop
df-base.sty
Package: epstopdf-base 2020-01-24 v2.11 Base part for package epstopdf
Package epstopdf-base Info: Redefining graphics rule for `.eps' on input line 4
85.

(c:/Users/Cody/AppData/Roaming/TinyTeX/texmf-dist/tex/latex/latexconfig/epstopd
f-sys.cfg
File: epstopdf-sys.cfg 2010/07/13 v1.3 Configuration of (r)epstopdf for TeX Liv
e
))
LaTeX Font Info:    Trying to load font information for OT1+lmr on input line 7
9.
(c:/Users/Cody/AppData/Roaming/TinyTeX/texmf-dist/tex/latex/lm/ot1lmr.fd
File: ot1lmr.fd 2009/10/30 v1.6 Font defs for Latin Modern
)
LaTeX Font Info:    Trying to load font information for OML+lmm on input line 7
9.
(c:/Users/Cody/AppData/Roaming/TinyTeX/texmf-dist/tex/latex/lm/omllmm.fd
File: omllmm.fd 2009/10/30 v1.6 Font defs for Latin Modern
)
LaTeX Font Info:    Trying to load font information for OMS+lmsy on input line 
79.
(c:/Users/Cody/AppData/Roaming/TinyTeX/texmf-dist/tex/latex/lm/omslmsy.fd
File: omslmsy.fd 2009/10/30 v1.6 Font defs for Latin Modern
)
LaTeX Font Info:    Trying to load font information for OMX+lmex on input line 
79.
(c:/Users/Cody/AppData/Roaming/TinyTeX/texmf-dist/tex/latex/lm/omxlmex.fd
File: omxlmex.fd 2009/10/30 v1.6 Font defs for Latin Modern
)
LaTeX Font Info:    External font `lmex10' loaded for size
(Font)              <12> on input line 79.
LaTeX Font Info:    External font `lmex10' loaded for size
(Font)              <8> on input line 79.
LaTeX Font Info:    External font `lmex10' loaded for size
(Font)              <6> on input line 79.
LaTeX Font Info:    Trying to load font information for U+msa on input line 79.

(c:/Users/Cody/AppData/Roaming/TinyTeX/texmf-dist/tex/latex/amsfonts/umsa.fd
File: umsa.fd 2013/01/14 v3.01 AMS symbols A
)
LaTeX Font Info:    Trying to load font information for U+msb on input line 79.

(c:/Users/Cody/AppData/Roaming/TinyTeX/texmf-dist/tex/latex/amsfonts/umsb.fd
File: umsb.fd 2013/01/14 v3.01 AMS symbols B
) (./SAFE_gmacs_vs_sq.toc
LaTeX Font Info:    External font `lmex10' loaded for size
(Font)              <10> on input line 4.
LaTeX Font Info:    External font `lmex10' loaded for size
(Font)              <7> on input line 4.
LaTeX Font Info:    External font `lmex10' loaded for size
(Font)              <5> on input line 4.
)
\tf@toc=\write4
\openout4 = `SAFE_gmacs_vs_sq.toc'.

[1

{c:/Users/Cody/AppData/Roaming/TinyTeX/texmf-var/fonts/map/pdftex/updmap/pdftex
.map}]pdfTeX warning (ext4): destination with the same identifier (name{page.})
 has been already used, duplicate ignored
<to be read again> 
                   \relax 
l.140 \newpage
               [2]
LaTeX Font Info:    Trying to load font information for TS1+lmr on input line 2
01.
(c:/Users/Cody/AppData/Roaming/TinyTeX/texmf-dist/tex/latex/lm/ts1lmr.fd
File: ts1lmr.fd 2009/10/30 v1.6 Font defs for Latin Modern
)pdfTeX warning (ext4): destination with the same identifier (name{page.}) has 
been already used, duplicate ignored
<to be read again> 
                   \relax 
l.226 
       [3]

LaTeX Warning: Reference `code_g' on page  undefined on input line 254.


LaTeX Warning: Reference `code_g' on page  undefined on input line 259.


LaTeX Warning: Reference `code_sq' on page  undefined on input line 261.


LaTeX Warning: Reference `code_g' on page  undefined on input line 266.


LaTeX Warning: Reference `code_sq' on page  undefined on input line 267.


LaTeX Warning: Reference `code_g' on page  undefined on input line 275.

pdfTeX warning (ext4): destination with the same identifier (name{page.}) has b
een already used, duplicate ignored
<to be read again> 
                   \relax 
l.302  \end{equation}
                      [4]

LaTeX Warning: Reference `comp_male' on page  undefined on input line 374.


LaTeX Warning: Reference `RE_male' on page  undefined on input line 375.


LaTeX Warning: Reference `comp_fem' on page  undefined on input line 384.


LaTeX Warning: Reference `RE_fem' on page  undefined on input line 386.

pdfTeX warning (ext4): destination with the same identifier (name{page.}) has b
een already used, duplicate ignored
<to be read again> 
                   \relax 
l.389 
       [5]

LaTeX Warning: Reference `bsfrf_bio' on page  undefined on input line 413.

pdfTeX warning (ext4): destination with the same identifier (name{page.}) has b
een already used, duplicate ignored
<to be read again> 
                   \relax 
l.454 
       [6]

LaTeX Warning: Reference `femresids' on page  undefined on input line 464.


LaTeX Warning: Reference `femresids_gm' on page  undefined on input line 465.


LaTeX Warning: Reference `malresids' on page  undefined on input line 465.


LaTeX Warning: Reference `malresids_gm' on page  undefined on input line 465.


LaTeX Warning: Reference `rec_env' on page  undefined on input line 536.

pdfTeX warning (ext4): destination with the same identifier (name{page.}) has b
een already used, duplicate ignored
<to be read again> 
                   \relax 
l.537 
       [7]pdfTeX warning (ext4): destination with the same identifier (name{pag
e.}) has been already used, duplicate ignored
<to be read again> 
                   \relax 
l.615 \end{itemize}
                    [8]pdfTeX warning (ext4): destination with the same identif
ier (name{page.}) has been already used, duplicate ignored
<to be read again> 
                   \relax 
l.617 \newpage
               [9]pdfTeX warning (ext4): destination with the same identifier (
name{page.}) has been already used, duplicate ignored
<to be read again> 
                   \relax 
l.694 ..._f S_{s,f,y,l} F_{s,f,y,l} \end{equation}
                                                   [10]pdfTeX warning (ext4): d
estination with the same identifier (name{page.}) has been already used, duplic
ate ignored
<to be read again> 
                   \relax 
l.756   \end{equation}
                       [11]pdfTeX warning (ext4): destination with the same ide
ntifier (name{page.}) has been already used, duplicate ignored
<to be read again> 
                   \relax 
l.826  \end{equation}
                      [12]pdfTeX warning (ext4): destination with the same iden
tifier (name{page.}) has been already used, duplicate ignored
<to be read again> 
                   \relax 
l.902 
       [13]
Overfull \hbox (10.77571pt too wide) detected at line 959
[]
 []

pdfTeX warning (ext4): destination with the same identifier (name{page.}) has b
een already used, duplicate ignored
<to be read again> 
                   \relax 
l.971   A
         n individual parameter for each size- class, i.e.: [14]pdfTeX warning 
(ext4): destination with the same identifier (name{page.}) has been already use
d, duplicate ignored
<to be read again> 
                   \relax 
l.1045 \end{align}
                   [15]
Underfull \hbox (badness 10000) in paragraph at lines 1075--1079

 []


Underfull \hbox (badness 10000) in paragraph at lines 1079--1083

 []

pdfTeX warning (ext4): destination with the same identifier (name{page.}) has b
een already used, duplicate ignored
<to be read again> 
                   \relax 
l.1130     \end{align}
                       [16]pdfTeX warning (ext4): destination with the same ide
ntifier (name{page.}) has been already used, duplicate ignored
<to be read again> 
                   \relax 
l.1196   A
          ll size-classes are equally selected. [17]pdfTeX warning (ext4): dest
ination with the same identifier (name{page.}) has been already used, duplicate
 ignored
<to be read again> 
                   \relax 
l.1288  \end{align}
                    [18]pdfTeX warning (ext4): destination with the same identi
fier (name{page.}) has been already used, duplicate ignored
<to be read again> 
                   \relax 
l.1316 \newpage
                [19]
<SAFE_gmacs_vs_sq_files/figure-latex/unnamed-chunk-3-1.pdf, id=302, 469.755pt x
 433.62pt>
File: SAFE_gmacs_vs_sq_files/figure-latex/unnamed-chunk-3-1.pdf Graphic file (t
ype pdf)
<use SAFE_gmacs_vs_sq_files/figure-latex/unnamed-chunk-3-1.pdf>
Package pdftex.def Info: SAFE_gmacs_vs_sq_files/figure-latex/unnamed-chunk-3-1.
pdf  used on input line 1320.
(pdftex.def)             Requested size: 469.75386pt x 433.61894pt.
pdfTeX warning (ext4): destination with the same identifier (name{page.}) has b
een already used, duplicate ignored
<to be read again> 
                   \relax 
l.1325 \newpage
                [20 <./SAFE_gmacs_vs_sq_files/figure-latex/unnamed-chunk-3-1.pd
f>]
<SAFE_gmacs_vs_sq_files/figure-latex/unnamed-chunk-4-1.pdf, id=311, 614.295pt x
 578.16pt>
File: SAFE_gmacs_vs_sq_files/figure-latex/unnamed-chunk-4-1.pdf Graphic file (t
ype pdf)
<use SAFE_gmacs_vs_sq_files/figure-latex/unnamed-chunk-4-1.pdf>
Package pdftex.def Info: SAFE_gmacs_vs_sq_files/figure-latex/unnamed-chunk-4-1.
pdf  used on input line 1329.
(pdftex.def)             Requested size: 469.75604pt x 442.12334pt.
pdfTeX warning (ext4): destination with the same identifier (name{page.}) has b
een already used, duplicate ignored
<to be read again> 
                   \relax 
l.1334 \newpage
                [21 <./SAFE_gmacs_vs_sq_files/figure-latex/unnamed-chunk-4-1.pd
f>]
<SAFE_gmacs_vs_sq_files/figure-latex/unnamed-chunk-6-1.pdf, id=320, 505.89pt x 
578.16pt>
File: SAFE_gmacs_vs_sq_files/figure-latex/unnamed-chunk-6-1.pdf Graphic file (t
ype pdf)
<use SAFE_gmacs_vs_sq_files/figure-latex/unnamed-chunk-6-1.pdf>
Package pdftex.def Info: SAFE_gmacs_vs_sq_files/figure-latex/unnamed-chunk-6-1.
pdf  used on input line 1340.
(pdftex.def)             Requested size: 469.76265pt x 536.87161pt.
<SAFE_gmacs_vs_sq_files/figure-latex/unnamed-chunk-7-1.pdf, id=321, 578.16pt x 
722.7pt>
File: SAFE_gmacs_vs_sq_files/figure-latex/unnamed-chunk-7-1.pdf Graphic file (t
ype pdf)
<use SAFE_gmacs_vs_sq_files/figure-latex/unnamed-chunk-7-1.pdf>
Package pdftex.def Info: SAFE_gmacs_vs_sq_files/figure-latex/unnamed-chunk-7-1.
pdf  used on input line 1348.
(pdftex.def)             Requested size: 469.75385pt x 587.1923pt.
<SAFE_gmacs_vs_sq_files/figure-latex/unnamed-chunk-8-1.pdf, id=322, 614.295pt x
 722.7pt>
File: SAFE_gmacs_vs_sq_files/figure-latex/unnamed-chunk-8-1.pdf Graphic file (t
ype pdf)
<use SAFE_gmacs_vs_sq_files/figure-latex/unnamed-chunk-8-1.pdf>
Package pdftex.def Info: SAFE_gmacs_vs_sq_files/figure-latex/unnamed-chunk-8-1.
pdf  used on input line 1356.
(pdftex.def)             Requested size: 469.75604pt x 552.65417pt.
<SAFE_gmacs_vs_sq_files/figure-latex/unnamed-chunk-9-1.pdf, id=323, 614.295pt x
 722.7pt>
File: SAFE_gmacs_vs_sq_files/figure-latex/unnamed-chunk-9-1.pdf Graphic file (t
ype pdf)
<use SAFE_gmacs_vs_sq_files/figure-latex/unnamed-chunk-9-1.pdf>
Package pdftex.def Info: SAFE_gmacs_vs_sq_files/figure-latex/unnamed-chunk-9-1.
pdf  used on input line 1365.
(pdftex.def)             Requested size: 469.75604pt x 552.65417pt.
<SAFE_gmacs_vs_sq_files/figure-latex/unnamed-chunk-10-1.pdf, id=324, 614.295pt 
x 722.7pt>
File: SAFE_gmacs_vs_sq_files/figure-latex/unnamed-chunk-10-1.pdf Graphic file (
type pdf)
<use SAFE_gmacs_vs_sq_files/figure-latex/unnamed-chunk-10-1.pdf>
Package pdftex.def Info: SAFE_gmacs_vs_sq_files/figure-latex/unnamed-chunk-10-1
.pdf  used on input line 1374.
(pdftex.def)             Requested size: 469.75604pt x 552.65417pt.
<SAFE_gmacs_vs_sq_files/figure-latex/unnamed-chunk-11-1.pdf, id=325, 505.89pt x
 505.89pt>
File: SAFE_gmacs_vs_sq_files/figure-latex/unnamed-chunk-11-1.pdf Graphic file (
type pdf)
<use SAFE_gmacs_vs_sq_files/figure-latex/unnamed-chunk-11-1.pdf>
Package pdftex.def Info: SAFE_gmacs_vs_sq_files/figure-latex/unnamed-chunk-11-1
.pdf  used on input line 1385.
(pdftex.def)             Requested size: 469.76265pt x 469.76265pt.
<SAFE_gmacs_vs_sq_files/figure-latex/unnamed-chunk-12-1.pdf, id=326, 614.295pt 
x 722.7pt>
File: SAFE_gmacs_vs_sq_files/figure-latex/unnamed-chunk-12-1.pdf Graphic file (
type pdf)
<use SAFE_gmacs_vs_sq_files/figure-latex/unnamed-chunk-12-1.pdf>
Package pdftex.def Info: SAFE_gmacs_vs_sq_files/figure-latex/unnamed-chunk-12-1
.pdf  used on input line 1394.
(pdftex.def)             Requested size: 469.75604pt x 552.65417pt.
<SAFE_gmacs_vs_sq_files/figure-latex/unnamed-chunk-13-1.pdf, id=327, 614.295pt 
x 722.7pt>
File: SAFE_gmacs_vs_sq_files/figure-latex/unnamed-chunk-13-1.pdf Graphic file (
type pdf)
<use SAFE_gmacs_vs_sq_files/figure-latex/unnamed-chunk-13-1.pdf>
Package pdftex.def Info: SAFE_gmacs_vs_sq_files/figure-latex/unnamed-chunk-13-1
.pdf  used on input line 1406.
(pdftex.def)             Requested size: 469.75604pt x 552.65417pt.
<SAFE_gmacs_vs_sq_files/figure-latex/unnamed-chunk-14-1.pdf, id=328, 578.16pt x
 361.35pt>
File: SAFE_gmacs_vs_sq_files/figure-latex/unnamed-chunk-14-1.pdf Graphic file (
type pdf)
<use SAFE_gmacs_vs_sq_files/figure-latex/unnamed-chunk-14-1.pdf>
Package pdftex.def Info: SAFE_gmacs_vs_sq_files/figure-latex/unnamed-chunk-14-1
.pdf  used on input line 1418.
(pdftex.def)             Requested size: 469.75385pt x 293.59616pt.
<SAFE_gmacs_vs_sq_files/figure-latex/unnamed-chunk-15-1.pdf, id=329, 578.16pt x
 722.7pt>
File: SAFE_gmacs_vs_sq_files/figure-latex/unnamed-chunk-15-1.pdf Graphic file (
type pdf)
<use SAFE_gmacs_vs_sq_files/figure-latex/unnamed-chunk-15-1.pdf>
Package pdftex.def Info: SAFE_gmacs_vs_sq_files/figure-latex/unnamed-chunk-15-1
.pdf  used on input line 1426.
(pdftex.def)             Requested size: 469.75385pt x 587.1923pt.
<SAFE_gmacs_vs_sq_files/figure-latex/unnamed-chunk-16-1.pdf, id=330, 578.16pt x
 722.7pt>
File: SAFE_gmacs_vs_sq_files/figure-latex/unnamed-chunk-16-1.pdf Graphic file (
type pdf)
<use SAFE_gmacs_vs_sq_files/figure-latex/unnamed-chunk-16-1.pdf>
Package pdftex.def Info: SAFE_gmacs_vs_sq_files/figure-latex/unnamed-chunk-16-1
.pdf  used on input line 1434.
(pdftex.def)             Requested size: 469.75385pt x 587.1923pt.
<SAFE_gmacs_vs_sq_files/figure-latex/unnamed-chunk-17-1.pdf, id=331, 578.16pt x
 433.62pt>
File: SAFE_gmacs_vs_sq_files/figure-latex/unnamed-chunk-17-1.pdf Graphic file (
type pdf)
<use SAFE_gmacs_vs_sq_files/figure-latex/unnamed-chunk-17-1.pdf>
Package pdftex.def Info: SAFE_gmacs_vs_sq_files/figure-latex/unnamed-chunk-17-1
.pdf  used on input line 1443.
(pdftex.def)             Requested size: 469.75385pt x 352.31538pt.
<SAFE_gmacs_vs_sq_files/figure-latex/unnamed-chunk-18-1.pdf, id=332, 578.16pt x
 650.43pt>
File: SAFE_gmacs_vs_sq_files/figure-latex/unnamed-chunk-18-1.pdf Graphic file (
type pdf)
<use SAFE_gmacs_vs_sq_files/figure-latex/unnamed-chunk-18-1.pdf>
Package pdftex.def Info: SAFE_gmacs_vs_sq_files/figure-latex/unnamed-chunk-18-1
.pdf  used on input line 1451.
(pdftex.def)             Requested size: 469.75385pt x 528.47307pt.
<SAFE_gmacs_vs_sq_files/figure-latex/unnamed-chunk-20-1.pdf, id=333, 614.295pt 
x 361.35pt>
File: SAFE_gmacs_vs_sq_files/figure-latex/unnamed-chunk-20-1.pdf Graphic file (
type pdf)
<use SAFE_gmacs_vs_sq_files/figure-latex/unnamed-chunk-20-1.pdf>
Package pdftex.def Info: SAFE_gmacs_vs_sq_files/figure-latex/unnamed-chunk-20-1
.pdf  used on input line 1462.
(pdftex.def)             Requested size: 469.75604pt x 276.32709pt.
<SAFE_gmacs_vs_sq_files/figure-latex/unnamed-chunk-21-1.pdf, id=334, 614.295pt 
x 289.08pt>
File: SAFE_gmacs_vs_sq_files/figure-latex/unnamed-chunk-21-1.pdf Graphic file (
type pdf)
<use SAFE_gmacs_vs_sq_files/figure-latex/unnamed-chunk-21-1.pdf>
Package pdftex.def Info: SAFE_gmacs_vs_sq_files/figure-latex/unnamed-chunk-21-1
.pdf  used on input line 1471.
(pdftex.def)             Requested size: 469.75604pt x 221.06166pt.
<SAFE_gmacs_vs_sq_files/figure-latex/unnamed-chunk-22-1.pdf, id=335, 614.295pt 
x 289.08pt>
File: SAFE_gmacs_vs_sq_files/figure-latex/unnamed-chunk-22-1.pdf Graphic file (
type pdf)
<use SAFE_gmacs_vs_sq_files/figure-latex/unnamed-chunk-22-1.pdf>
Package pdftex.def Info: SAFE_gmacs_vs_sq_files/figure-latex/unnamed-chunk-22-1
.pdf  used on input line 1480.
(pdftex.def)             Requested size: 469.75604pt x 221.06166pt.
<SAFE_gmacs_vs_sq_files/figure-latex/unnamed-chunk-23-1.pdf, id=336, 614.295pt 
x 289.08pt>
File: SAFE_gmacs_vs_sq_files/figure-latex/unnamed-chunk-23-1.pdf Graphic file (
type pdf)
<use SAFE_gmacs_vs_sq_files/figure-latex/unnamed-chunk-23-1.pdf>
Package pdftex.def Info: SAFE_gmacs_vs_sq_files/figure-latex/unnamed-chunk-23-1
.pdf  used on input line 1489.
(pdftex.def)             Requested size: 469.75604pt x 221.06166pt.
pdfTeX warning (ext4): destination with the same identifier (name{page.}) has b
een already used, duplicate ignored
<to be read again> 
                   \relax 
l.1513 \newpage
                [22]pdfTeX warning (ext4): destination with the same identifier
 (name{page.}) has been already used, duplicate ignored
<to be read again> 
                   \relax 
l.1513 \newpage
                [23 <./SAFE_gmacs_vs_sq_files/figure-latex/unnamed-chunk-6-1.pd
f>]pdfTeX warning (ext4): destination with the same identifier (name{page.}) ha
s been already used, duplicate ignored
<to be read again> 
                   \relax 
l.1513 \newpage
                [24 <./SAFE_gmacs_vs_sq_files/figure-latex/unnamed-chunk-7-1.pd
f>]pdfTeX warning (ext4): destination with the same identifier (name{page.}) ha
s been already used, duplicate ignored
<to be read again> 
                   \relax 
l.1513 \newpage
                [25 <./SAFE_gmacs_vs_sq_files/figure-latex/unnamed-chunk-8-1.pd
f>]pdfTeX warning (ext4): destination with the same identifier (name{page.}) ha
s been already used, duplicate ignored
<to be read again> 
                   \relax 
l.1513 \newpage
                [26 <./SAFE_gmacs_vs_sq_files/figure-latex/unnamed-chunk-9-1.pd
f>]pdfTeX warning (ext4): destination with the same identifier (name{page.}) ha
s been already used, duplicate ignored
<to be read again> 
                   \relax 
l.1513 \newpage
                [27 <./SAFE_gmacs_vs_sq_files/figure-latex/unnamed-chunk-10-1.p
df>]pdfTeX warning (ext4): destination with the same identifier (name{page.}) h
as been already used, duplicate ignored
<to be read again> 
                   \relax 
l.1513 \newpage
                [28 <./SAFE_gmacs_vs_sq_files/figure-latex/unnamed-chunk-11-1.p
df>]pdfTeX warning (ext4): destination with the same identifier (name{page.}) h
as been already used, duplicate ignored
<to be read again> 
                   \relax 
l.1513 \newpage
                [29 <./SAFE_gmacs_vs_sq_files/figure-latex/unnamed-chunk-12-1.p
df>]pdfTeX warning (ext4): destination with the same identifier (name{page.}) h
as been already used, duplicate ignored
<to be read again> 
                   \relax 
l.1513 \newpage
                [30 <./SAFE_gmacs_vs_sq_files/figure-latex/unnamed-chunk-13-1.p
df>]
Package atveryend Info: Empty hook `BeforeClearDocument' on input line 1515.
pdfTeX warning (ext4): destination with the same identifier (name{page.}) has b
een already used, duplicate ignored
<to be read again> 
                   \relax 
l.1515 \end{document}
                      [31 <./SAFE_gmacs_vs_sq_files/figure-latex/unnamed-chunk-
14-1.pdf>]pdfTeX warning (ext4): destination with the same identifier (name{pag
e.}) has been already used, duplicate ignored
<to be read again> 
                   \relax 
l.1515 \end{document}
                      [32 <./SAFE_gmacs_vs_sq_files/figure-latex/unnamed-chunk-
15-1.pdf>]pdfTeX warning (ext4): destination with the same identifier (name{pag
e.}) has been already used, duplicate ignored
<to be read again> 
                   \relax 
l.1515 \end{document}
                      [33 <./SAFE_gmacs_vs_sq_files/figure-latex/unnamed-chunk-
16-1.pdf>]pdfTeX warning (ext4): destination with the same identifier (name{pag
e.}) has been already used, duplicate ignored
<to be read again> 
                   \relax 
l.1515 \end{document}
                      [34 <./SAFE_gmacs_vs_sq_files/figure-latex/unnamed-chunk-
17-1.pdf>]pdfTeX warning (ext4): destination with the same identifier (name{pag
e.}) has been already used, duplicate ignored
<to be read again> 
                   \relax 
l.1515 \end{document}
                      [35 <./SAFE_gmacs_vs_sq_files/figure-latex/unnamed-chunk-
18-1.pdf>]pdfTeX warning (ext4): destination with the same identifier (name{pag
e.}) has been already used, duplicate ignored
<to be read again> 
                   \relax 
l.1515 \end{document}
                      [36 <./SAFE_gmacs_vs_sq_files/figure-latex/unnamed-chunk-
20-1.pdf> <./SAFE_gmacs_vs_sq_files/figure-latex/unnamed-chunk-21-1.pdf>]pdfTeX
 warning (ext4): destination with the same identifier (name{page.}) has been al
ready used, duplicate ignored
<to be read again> 
                   \relax 
l.1515 \end{document}
                      [37 <./SAFE_gmacs_vs_sq_files/figure-latex/unnamed-chunk-
22-1.pdf> <./SAFE_gmacs_vs_sq_files/figure-latex/unnamed-chunk-23-1.pdf>]
Package atveryend Info: Empty hook `AfterLastShipout' on input line 1515.
(./SAFE_gmacs_vs_sq.aux)
Package atveryend Info: Executing hook `AtVeryEndDocument' on input line 1515.
Package atveryend Info: Executing hook `AtEndAfterFileList' on input line 1515.

Package rerunfilecheck Info: File `SAFE_gmacs_vs_sq.out' has not changed.
(rerunfilecheck)             Checksum: D88FC2AF9ACEE23ADC6966A7F2E67096;4743.

LaTeX Warning: There were undefined references.

Package atveryend Info: Empty hook `AtVeryVeryEnd' on input line 1515.
 ) 
Here is how much of TeX's memory you used:
 10458 strings out of 482854
 156732 string characters out of 5955295
 397043 words of memory out of 5000000
 25491 multiletter control sequences out of 15000+600000
 601221 words of font info for 74 fonts, out of 8000000 for 9000
 14 hyphenation exceptions out of 8191
 43i,19n,37p,466b,377s stack positions out of 5000i,500n,10000p,200000b,80000s
{c:/Users/Cody/AppData/Roaming/TinyTeX/texmf-dist/fonts/enc/dvips/lm/lm-rm.en
c}{c:/Users/Cody/AppData/Roaming/TinyTeX/texmf-dist/fonts/enc/dvips/lm/lm-maths
y.enc}{c:/Users/Cody/AppData/Roaming/TinyTeX/texmf-dist/fonts/enc/dvips/lm/lm-m
athit.enc}{c:/Users/Cody/AppData/Roaming/TinyTeX/texmf-dist/fonts/enc/dvips/lm/
lm-mathex.enc}{c:/Users/Cody/AppData/Roaming/TinyTeX/texmf-dist/fonts/enc/dvips
/lm/lm-ts1.enc}{c:/Users/Cody/AppData/Roaming/TinyTeX/texmf-dist/fonts/enc/dvip
s/lm/lm-ec.enc}<c:/Users/Cody/AppData/Roaming/TinyTeX/texmf-dist/fonts/type1/pu
blic/lm/lmbx10.pfb><c:/Users/Cody/AppData/Roaming/TinyTeX/texmf-dist/fonts/type
1/public/lm/lmbx12.pfb><c:/Users/Cody/AppData/Roaming/TinyTeX/texmf-dist/fonts/
type1/public/lm/lmex10.pfb><c:/Users/Cody/AppData/Roaming/TinyTeX/texmf-dist/fo
nts/type1/public/lm/lmmi10.pfb><c:/Users/Cody/AppData/Roaming/TinyTeX/texmf-dis
t/fonts/type1/public/lm/lmmi5.pfb><c:/Users/Cody/AppData/Roaming/TinyTeX/texmf-
dist/fonts/type1/public/lm/lmmi7.pfb><c:/Users/Cody/AppData/Roaming/TinyTeX/tex
mf-dist/fonts/type1/public/lm/lmr10.pfb><c:/Users/Cody/AppData/Roaming/TinyTeX/
texmf-dist/fonts/type1/public/lm/lmr12.pfb><c:/Users/Cody/AppData/Roaming/TinyT
eX/texmf-dist/fonts/type1/public/lm/lmr17.pfb><c:/Users/Cody/AppData/Roaming/Ti
nyTeX/texmf-dist/fonts/type1/public/lm/lmr5.pfb><c:/Users/Cody/AppData/Roaming/
TinyTeX/texmf-dist/fonts/type1/public/lm/lmr7.pfb><c:/Users/Cody/AppData/Roamin
g/TinyTeX/texmf-dist/fonts/type1/public/lm/lmri10.pfb><c:/Users/Cody/AppData/Ro
aming/TinyTeX/texmf-dist/fonts/type1/public/lm/lmri7.pfb><c:/Users/Cody/AppData
/Roaming/TinyTeX/texmf-dist/fonts/type1/public/lm/lmsy10.pfb><c:/Users/Cody/App
Data/Roaming/TinyTeX/texmf-dist/fonts/type1/public/lm/lmsy5.pfb><c:/Users/Cody/
AppData/Roaming/TinyTeX/texmf-dist/fonts/type1/public/lm/lmsy7.pfb>
Output written on SAFE_gmacs_vs_sq.pdf (37 pages, 594889 bytes).
PDF statistics:
 564 PDF objects out of 1000 (max. 8388607)
 466 compressed objects within 5 object streams
 109 named destinations out of 1000 (max. 500000)
 272 words of extra memory for PDF output out of 10000 (max. 10000000)

